-------------------------------------------------------------------------------
Test set: testing.project.features.calculator.WhenEnteringInvalidCreditSum
-------------------------------------------------------------------------------
Tests run: 1, Failures: 1, Errors: 0, Skipped: 0, Time elapsed: 12.93 s <<< FAILURE! - in testing.project.features.calculator.WhenEnteringInvalidCreditSum
shouldBeAbleToSeeDefaultCost(testing.project.features.calculator.WhenEnteringInvalidCreditSum)  Time elapsed: 12.693 s  <<< FAILURE!
java.lang.AssertionError: 

Expected: a string containing "8 143"
     but: was "81 438 â‚½"
	at testing.project.features.calculator.WhenEnteringInvalidCreditSum.shouldBeAbleToSeeDefaultCost(WhenEnteringInvalidCreditSum.java:32)

