<?xml version="1.0" encoding="UTF-8"?><testsuite errors="0" failures="2" name="testing.project.features.calculator.WhenChangingCreditSum" skipped="0" tests="2" time="12.77" timestamp="2020-01-06 02:51:09"><testcase classname="testing.project.features.calculator.WhenChangingCreditSum" name="Should be able to see updated cost"><failure message="&#10;Expected: a string containing &quot;8 143&quot;&#10;     but: was &quot;162 876 ₽&quot;" type="java.lang.AssertionError">
Expected: a string containing "8 143"
     but: was "162 876 ₽"</failure><system-err>
Expected: a string containing "8 143"
     but: was "162 876 ₽"
testing.project.features.calculator.WhenChangingCreditSum.shouldBeAbleToSeeUpdatedCost(WhenChangingCreditSum.java:51)
</system-err></testcase></testsuite>