<?xml version="1.0" encoding="UTF-8"?><testsuite errors="1" failures="0" name="testing.project.features.order.WhenConfirmingCardOrderStepWithValidData" skipped="0" tests="1" time="20.11" timestamp="2020-01-06 02:50:02"><testcase classname="testing.project.features.order.WhenConfirmingCardOrderStepWithValidData" name="Should be able to see the second step"><error message="no such element: Unable to locate element: {&quot;method&quot;:&quot;xpath&quot;,&quot;selector&quot;:&quot;//div[contains(@class, 'window__popup animation_open')]//div[contains(@class, 'title')]/h4&quot;}&#10;  (Session info: chrome=79.0.3945.88)&#10;For documentation on this error, please visit: https://www.seleniumhq.org/exceptions/no_such_element.html&#10;Build info: version: '3.141.59', revision: 'e82be7d358', time: '2018-11-14T08:17:03'&#10;System info: host: 'MacBook-Pro-Regina.local', ip: '10.223.195.32', os.name: 'Mac OS X', os.arch: 'x86_64', os.version: '10.15.2', java.version: '11.0.4'&#10;Driver info: org.openqa.selenium.chrome.ChromeDriver&#10;Capabilities {acceptInsecureCerts: false, browserName: chrome, browserVersion: 79.0.3945.88, chrome: {chromedriverVersion: 79.0.3945.36 (3582db32b3389..., userDataDir: /var/folders/q0/rf00mq216sn...}, goog:chromeOptions: {debuggerAddress: localhost:52300}, javascriptEnabled: true, networkConnectionEnabled: false, pageLoadStrategy: normal, platform: MAC, platformName: MAC, proxy: Proxy(), setWindowRect: true, strictFileInteractability: false, timeouts: {implicit: 0, pageLoad: 300000, script: 30000}, unhandledPromptBehavior: dismiss and notify}&#10;Session ID: 5f630d7fa58c79356c606ffc665cb49e&#10;*** Element info: {Using=xpath, value=//div[contains(@class, 'window__popup animation_open')]//div[contains(@class, 'title')]/h4}" type="org.openqa.selenium.NoSuchElementException">no such element: Unable to locate element: {"method":"xpath","selector":"//div[contains(@class, 'window__popup animation_open')]//div[contains(@class, 'title')]/h4"}
  (Session info: chrome=79.0.3945.88)
For documentation on this error, please visit: https://www.seleniumhq.org/exceptions/no_such_element.html
Build info: version: '3.141.59', revision: 'e82be7d358', time: '2018-11-14T08:17:03'
System info: host: 'MacBook-Pro-Regina.local', ip: '10.223.195.32', os.name: 'Mac OS X', os.arch: 'x86_64', os.version: '10.15.2', java.version: '11.0.4'
Driver info: org.openqa.selenium.chrome.ChromeDriver
Capabilities {acceptInsecureCerts: false, browserName: chrome, browserVersion: 79.0.3945.88, chrome: {chromedriverVersion: 79.0.3945.36 (3582db32b3389..., userDataDir: /var/folders/q0/rf00mq216sn...}, goog:chromeOptions: {debuggerAddress: localhost:52300}, javascriptEnabled: true, networkConnectionEnabled: false, pageLoadStrategy: normal, platform: MAC, platformName: MAC, proxy: Proxy(), setWindowRect: true, strictFileInteractability: false, timeouts: {implicit: 0, pageLoad: 300000, script: 30000}, unhandledPromptBehavior: dismiss and notify}
Session ID: 5f630d7fa58c79356c606ffc665cb49e
*** Element info: {Using=xpath, value=//div[contains(@class, 'window__popup animation_open')]//div[contains(@class, 'title')]/h4}</error><system-err>no such element: Unable to locate element: {"method":"xpath","selector":"//div[contains(@class, 'window__popup animation_open')]//div[contains(@class, 'title')]/h4"}
  (Session info: chrome=79.0.3945.88)
For documentation on this error, please visit: https://www.seleniumhq.org/exceptions/no_such_element.html
Build info: version: '3.141.59', revision: 'e82be7d358', time: '2018-11-14T08:17:03'
System info: host: 'MacBook-Pro-Regina.local', ip: '10.223.195.32', os.name: 'Mac OS X', os.arch: 'x86_64', os.version: '10.15.2', java.version: '11.0.4'
Driver info: org.openqa.selenium.chrome.ChromeDriver
Capabilities {acceptInsecureCerts: false, browserName: chrome, browserVersion: 79.0.3945.88, chrome: {chromedriverVersion: 79.0.3945.36 (3582db32b3389..., userDataDir: /var/folders/q0/rf00mq216sn...}, goog:chromeOptions: {debuggerAddress: localhost:52300}, javascriptEnabled: true, networkConnectionEnabled: false, pageLoadStrategy: normal, platform: MAC, platformName: MAC, proxy: Proxy(), setWindowRect: true, strictFileInteractability: false, timeouts: {implicit: 0, pageLoad: 300000, script: 30000}, unhandledPromptBehavior: dismiss and notify}
Session ID: 5f630d7fa58c79356c606ffc665cb49e
*** Element info: {Using=xpath, value=//div[contains(@class, 'window__popup animation_open')]//div[contains(@class, 'title')]/h4}
testing.project.questions.SecondStep.answeredBy(SecondStep.java:24)
testing.project.questions.SecondStep.answeredBy(SecondStep.java:9)
testing.project.features.order.WhenConfirmingCardOrderStepWithValidData.shouldBeAbleToSeeTheSecondStep(WhenConfirmingCardOrderStepWithValidData.java:28)
</system-err></testcase></testsuite>